0 info it worked if it ends with ok
1 verbose cli [ 'C:\\Program Files\\nodejs\\node.exe',
1 verbose cli   'C:\\Program Files\\nodejs\\node_modules\\npm\\bin\\npm-cli.js',
1 verbose cli   'start' ]
2 info using npm@3.7.3
3 info using node@v5.9.0
4 verbose run-script [ 'prestart', 'start', 'poststart' ]
5 info lifecycle markdown@1.0.0~prestart: markdown@1.0.0
6 silly lifecycle markdown@1.0.0~prestart: no script for prestart, continuing
7 info lifecycle markdown@1.0.0~start: markdown@1.0.0
8 verbose lifecycle markdown@1.0.0~start: unsafe-perm in lifecycle true
9 verbose lifecycle markdown@1.0.0~start: PATH: C:\Program Files\nodejs\node_modules\npm\bin\node-gyp-bin;D:\GitHub\MarkdownBlog\node_modules\.bin;C:\Program Files\nodejs;C:\Users\GDZY\bin;D:\Program Files\Git\mingw64\bin;D:\Program Files\Git\usr\local\bin;D:\Program Files\Git\usr\bin;D:\Program Files\Git\usr\bin;D:\Program Files\Git\mingw64\bin;D:\Program Files\Git\usr\bin;C:\Users\GDZY\bin;C:\ProgramData\Oracle\Java\javapath;C:\Windows\system32;C:\Windows;C:\Windows\System32\Wbem;C:\Windows\System32\WindowsPowerShell\v1.0;C:\Program Files\nodejs;D:\Program Files\Git\cmd;C:\Users\GDZY\AppData\Local\atom\bin;C:\Users\GDZY\AppData\Roaming\npm;D:\Program Files\Git\usr\bin\vendor_perl;D:\Program Files\Git\usr\bin\core_perl
10 verbose lifecycle markdown@1.0.0~start: CWD: D:\GitHub\MarkdownBlog
11 silly lifecycle markdown@1.0.0~start: Args: [ '/d /s /c', 'node server.js' ]
12 silly lifecycle markdown@1.0.0~start: Returned: code: 1  signal: null
13 info lifecycle markdown@1.0.0~start: Failed to exec start script
14 verbose stack Error: markdown@1.0.0 start: `node server.js`
14 verbose stack Exit status 1
14 verbose stack     at EventEmitter.<anonymous> (C:\Program Files\nodejs\node_modules\npm\lib\utils\lifecycle.js:239:16)
14 verbose stack     at emitTwo (events.js:100:13)
14 verbose stack     at EventEmitter.emit (events.js:185:7)
14 verbose stack     at ChildProcess.<anonymous> (C:\Program Files\nodejs\node_modules\npm\lib\utils\spawn.js:24:14)
14 verbose stack     at emitTwo (events.js:100:13)
14 verbose stack     at ChildProcess.emit (events.js:185:7)
14 verbose stack     at maybeClose (internal/child_process.js:850:16)
14 verbose stack     at Process.ChildProcess._handle.onexit (internal/child_process.js:215:5)
15 verbose pkgid markdown@1.0.0
16 verbose cwd D:\GitHub\MarkdownBlog
17 error Windows_NT 6.1.7601
18 error argv "C:\\Program Files\\nodejs\\node.exe" "C:\\Program Files\\nodejs\\node_modules\\npm\\bin\\npm-cli.js" "start"
19 error node v5.9.0
20 error npm  v3.7.3
21 error code ELIFECYCLE
22 error markdown@1.0.0 start: `node server.js`
22 error Exit status 1
23 error Failed at the markdown@1.0.0 start script 'node server.js'.
23 error Make sure you have the latest version of node.js and npm installed.
23 error If you do, this is most likely a problem with the markdown package,
23 error not with npm itself.
23 error Tell the author that this fails on your system:
23 error     node server.js
23 error You can get information on how to open an issue for this project with:
23 error     npm bugs markdown
23 error Or if that isn't available, you can get their info via:
23 error     npm owner ls markdown
23 error There is likely additional logging output above.
24 verbose exit [ 1, true ]
